<?xml version="1.0" encoding="UTF-8"?>
<!-- Generated by org.testng.reporters.JUnitReportReporter -->
<testsuite hostname="DESKTOP-L2N9NS1" failures="0" tests="1" name="purchaseOrder.CreatePurchaseOrderAndSelectBillingAddress_Test" time="82.719" errors="0" timestamp="2022-01-18T17:15:43 IST" skipped="0">
  <testcase classname="purchaseOrder.CreatePurchaseOrderAndSelectBillingAddress_Test" name="createPurchaseOrderAndSelectBillingAddress" time="82.719"/>
  <system-out/>
</testsuite> <!-- purchaseOrder.CreatePurchaseOrderAndSelectBillingAddress_Test -->
