<?xml version="1.0" encoding="UTF-8"?>
<!-- Generated by org.testng.reporters.JUnitReportReporter -->
<testsuite hostname="DESKTOP-L2N9NS1" failures="0" tests="1" name="purchaseOrder.CreatePurchaseOrderAndCopyShippingAddrs_Test" time="59.040" errors="0" timestamp="2022-01-18T17:15:43 IST" skipped="0">
  <testcase classname="purchaseOrder.CreatePurchaseOrderAndCopyShippingAddrs_Test" name="createPurchaseOrderAndCopyShippingAddrs" time="59.040"/>
  <system-out/>
</testsuite> <!-- purchaseOrder.CreatePurchaseOrderAndCopyShippingAddrs_Test -->
