<?xml version="1.0" encoding="UTF-8"?>
<!-- Generated by org.testng.reporters.JUnitReportReporter -->
<testsuite hostname="DESKTOP-L2N9NS1" failures="0" tests="1" name="purchaseOrderTest.CreatePurchaseOrderAndSelectShippingAddress_Test" time="221.694" errors="0" timestamp="2022-01-25T17:43:43 IST" skipped="0">
  <testcase classname="purchaseOrderTest.CreatePurchaseOrderAndSelectShippingAddress_Test" name="createPurchaseOrderAndSelectShippingAddressTest" time="221.694"/>
  <system-out>
    <![CDATA[verified ..shipping address]]>
  </system-out>
</testsuite> <!-- purchaseOrderTest.CreatePurchaseOrderAndSelectShippingAddress_Test -->
