<?xml version="1.0" encoding="UTF-8"?>
<!-- Generated by org.testng.reporters.JUnitReportReporter -->
<testsuite hostname="DESKTOP-L2N9NS1" failures="0" tests="1" name="purchaseOrderTest.CreatePurchaseOrderAndCopyShippingAddrs_Test" time="77.340" errors="0" timestamp="2022-01-27T12:47:11 IST" skipped="0">
  <testcase classname="purchaseOrderTest.CreatePurchaseOrderAndCopyShippingAddrs_Test" name="createPurchaseOrderAndCopyShippingAddrsTest" time="77.340"/>
  <system-out>
    <![CDATA[verified ? both shipping address and billing address is same]]>
  </system-out>
</testsuite> <!-- purchaseOrderTest.CreatePurchaseOrderAndCopyShippingAddrs_Test -->
