<?xml version="1.0" encoding="UTF-8"?>
<!-- Generated by org.testng.reporters.JUnitReportReporter -->
<testsuite hostname="DESKTOP-L2N9NS1" failures="0" tests="1" name="purchaseOrderTest.CreatePurchaseOrderAndSelectBillingAddress_Test" time="225.199" errors="0" timestamp="2022-01-25T17:43:43 IST" skipped="0">
  <testcase classname="purchaseOrderTest.CreatePurchaseOrderAndSelectBillingAddress_Test" name="createPurchaseOrderAndSelectBillingAddressTest" time="225.199"/>
  <system-out>
    <![CDATA[verified...Billing address]]>
  </system-out>
</testsuite> <!-- purchaseOrderTest.CreatePurchaseOrderAndSelectBillingAddress_Test -->
