<?xml version="1.0" encoding="UTF-8"?>
<!-- Generated by org.testng.reporters.JUnitReportReporter -->
<testsuite hostname="DESKTOP-L2N9NS1" failures="0" tests="1" name="practice.CreateOrganization3Test" time="30.074" errors="0" timestamp="2022-01-18T13:50:01 IST" skipped="0">
  <testcase classname="practice.CreateOrganization3Test" name="createOrg" time="30.074"/>
  <system-out/>
</testsuite> <!-- practice.CreateOrganization3Test -->
