<?xml version="1.0" encoding="UTF-8"?>
<!-- Generated by org.testng.reporters.JUnitReportReporter -->
<testsuite hostname="DESKTOP-L2N9NS1" failures="0" tests="1" name="purchaseOrderTest.CreatePurchaseOrderAndSelectTeamSelling_Test" time="73.938" errors="0" timestamp="2022-01-19T13:58:59 IST" skipped="0">
  <testcase classname="purchaseOrderTest.CreatePurchaseOrderAndSelectTeamSelling_Test" name="createPurchaseOrderAndSelectTeamSellingTest" time="73.938"/>
  <system-out>
    <![CDATA[assigned to group in which TEAM SELLING]]>
  </system-out>
</testsuite> <!-- purchaseOrderTest.CreatePurchaseOrderAndSelectTeamSelling_Test -->
