<?xml version="1.0" encoding="UTF-8"?>
<!-- Generated by org.testng.reporters.JUnitReportReporter -->
<testsuite hostname="DESKTOP-L2N9NS1" failures="0" tests="1" name="purchaseOrder.CreatePurchaseOrderAndSelectTeamSelling_Test" time="89.700" errors="0" timestamp="2022-01-18T13:30:06 IST" skipped="0">
  <testcase classname="purchaseOrder.CreatePurchaseOrderAndSelectTeamSelling_Test" name="createPurchaseOrderAndSelectTeamSelling" time="89.700"/>
  <system-out/>
</testsuite> <!-- purchaseOrder.CreatePurchaseOrderAndSelectTeamSelling_Test -->
