<?xml version="1.0" encoding="UTF-8"?>
<!-- Generated by org.testng.reporters.JUnitReportReporter -->
<testsuite hostname="DESKTOP-L2N9NS1" failures="0" tests="1" name="purchaseOrderTest.CreatePurchaseOrderAndSelectBillingAddress_Test" time="69.050" errors="0" timestamp="2022-01-19T13:42:41 IST" skipped="0">
  <testcase classname="purchaseOrderTest.CreatePurchaseOrderAndSelectBillingAddress_Test" name="createPurchaseOrderAndSelectBillingAddressTest" time="69.050"/>
  <system-out/>
</testsuite> <!-- purchaseOrderTest.CreatePurchaseOrderAndSelectBillingAddress_Test -->
