<?xml version="1.0" encoding="UTF-8"?>
<!-- Generated by org.testng.reporters.JUnitReportReporter -->
<testsuite hostname="DESKTOP-L2N9NS1" failures="0" tests="1" name="purchaseOrderTest.CreatePurchaseOrderAndSelectShippingAddress_Test" time="62.490" errors="0" timestamp="2022-01-19T13:39:21 IST" skipped="0">
  <testcase classname="purchaseOrderTest.CreatePurchaseOrderAndSelectShippingAddress_Test" name="createPurchaseOrderAndSelectShippingAddressTest" time="62.490"/>
  <system-out/>
</testsuite> <!-- purchaseOrderTest.CreatePurchaseOrderAndSelectShippingAddress_Test -->
