<?xml version="1.0" encoding="UTF-8"?>
<!-- Generated by org.testng.reporters.JUnitReportReporter -->
<testsuite hostname="DESKTOP-L2N9NS1" failures="0" tests="1" name="purchaseOrder.CreatePurchaseOrderAndSelectShippingAddress_Test" time="60.605" errors="0" timestamp="2022-01-18T13:44:34 IST" skipped="0">
  <testcase classname="purchaseOrder.CreatePurchaseOrderAndSelectShippingAddress_Test" name="createPurchaseOrderAndSelectShippingAddress" time="60.605"/>
  <system-out/>
</testsuite> <!-- purchaseOrder.CreatePurchaseOrderAndSelectShippingAddress_Test -->
