<?xml version="1.0" encoding="UTF-8"?>
<!-- Generated by org.testng.reporters.JUnitReportReporter -->
<testsuite hostname="DESKTOP-L2N9NS1" failures="0" tests="1" name="practice.CreateOrganization1Test" time="30.781" errors="0" timestamp="2022-01-18T17:49:08 IST" skipped="0">
  <testcase classname="practice.CreateOrganization1Test" name="createOrg" time="30.781"/>
  <system-out/>
</testsuite> <!-- practice.CreateOrganization1Test -->
