<?xml version="1.0" encoding="UTF-8"?>
<!-- Generated by org.testng.reporters.JUnitReportReporter -->
<testsuite hostname="DESKTOP-L2N9NS1" failures="0" tests="3" name="practice.CreateOrg" time="0.033" errors="0" timestamp="2022-01-25T19:40:32 IST" skipped="0">
  <testcase classname="practice.CreateOrg" name="org" time="0.019"/>
  <system-out/>
  <testcase classname="practice.CreateOrg" name="contact" time="0.010"/>
  <system-out/>
  <testcase classname="practice.CreateOrg" name="products" time="0.004"/>
  <system-out/>
</testsuite> <!-- practice.CreateOrg -->
