<?xml version="1.0" encoding="UTF-8"?>
<!-- Generated by org.testng.reporters.JUnitXMLReporter -->
<testsuite ignored="0" hostname="DESKTOP-L2N9NS1" failures="0" tests="1" name="Test-2" time="211.065" errors="0" timestamp="2022-01-18T17:30:54 IST">
  <testcase classname="purchaseOrderTest.CreatePurchaseOrderAndCopyShippingAddrs_Test" name="createPurchaseOrderAndCopyShippingAddrs" time="175.264"/>
</testsuite> <!-- Test-2 -->
