<?xml version="1.0" encoding="UTF-8"?>
<!-- Generated by org.testng.reporters.JUnitXMLReporter -->
<testsuite ignored="0" hostname="DESKTOP-L2N9NS1" failures="0" tests="1" name="Test-2" time="241.424" errors="0" timestamp="2022-01-25T17:43:42 IST">
  <testcase classname="purchaseOrderTest.CreatePurchaseOrderAndCopyShippingAddrs_Test" name="createPurchaseOrderAndCopyShippingAddrsTest" time="188.342"/>
</testsuite> <!-- Test-2 -->
