<?xml version="1.0" encoding="UTF-8"?>
<!-- Generated by org.testng.reporters.JUnitXMLReporter -->
<testsuite ignored="0" hostname="DESKTOP-L2N9NS1" failures="0" tests="1" name="Test-1" time="241.608" errors="0" timestamp="2022-01-25T17:43:42 IST">
  <testcase classname="purchaseOrderTest.CreatePurchaseOrderAndSelectShippingAddress_Test" name="createPurchaseOrderAndSelectShippingAddressTest" time="198.306"/>
</testsuite> <!-- Test-1 -->
