<?xml version="1.0" encoding="UTF-8"?>
<!-- Generated by org.testng.reporters.JUnitXMLReporter -->
<testsuite ignored="0" hostname="DESKTOP-L2N9NS1" failures="0" tests="1" name="Test-3" time="242.251" errors="0" timestamp="2022-01-25T17:43:43 IST">
  <testcase classname="purchaseOrderTest.CreatePurchaseOrderAndSelectBillingAddress_Test" name="createPurchaseOrderAndSelectBillingAddressTest" time="203.501"/>
</testsuite> <!-- Test-3 -->
