<?xml version="1.0" encoding="UTF-8"?>
<!-- Generated by org.testng.reporters.JUnitXMLReporter -->
<testsuite ignored="0" hostname="DESKTOP-L2N9NS1" failures="0" tests="1" name="Test-1" time="208.793" errors="0" timestamp="2022-01-18T17:30:52 IST">
  <testcase classname="purchaseOrderTest.CreatePurchaseOrderAndSelectShippingAddress_Test" name="createPurchaseOrderAndSelectShippingAddress" time="171.05"/>
</testsuite> <!-- Test-1 -->
