<?xml version="1.0" encoding="UTF-8"?>
<!-- Generated by org.testng.reporters.JUnitXMLReporter -->
<testsuite ignored="0" hostname="DESKTOP-L2N9NS1" failures="0" tests="1" name="Test-3" time="208.833" errors="0" timestamp="2022-01-18T17:30:52 IST">
  <testcase classname="purchaseOrderTest.CreatePurchaseOrderAndSelectBillingAddress_Test" name="createPurchaseOrderAndSelectBillingAddress" time="170.397"/>
</testsuite> <!-- Test-3 -->
